Using pre-set license
Built from '2020.3/release' branch; Version is '2020.3.12f1 (b3b2c6512326) revision 11776710'; Using compiler version '192528614'; Build Type 'Release'
OS: 'Windows 10 Pro; OS build 19044.1889; Version 2009; 64bit' Language: 'en' Physical Memory: 16315 MB
BatchMode: 1, IsHumanControllingUs: 0, StartBugReporterOnCrash: 0, Is64bit: 1, IsPro: 0

 COMMAND LINE ARGUMENTS:
C:\Program Files\Unity\Hub\Editor\2020.3.12f1\Editor\Unity.exe
-adb2
-batchMode
-noUpm
-name
AssetImportWorker0
-projectPath
C:/Users/Miljko/Documents/GitHub/Platformer game jam
-logFile
Logs/AssetImportWorker0.log
-srvPort
61188
Successfully changed project path to: C:/Users/Miljko/Documents/GitHub/Platformer game jam
C:/Users/Miljko/Documents/GitHub/Platformer game jam
Using Asset Import Pipeline V2.
Refreshing native plugins compatible for Editor in 53.54 ms, found 3 plugins.
Preloading 0 native plugins for Editor in 0.00 ms.
Initialize engine version: 2020.3.12f1 (b3b2c6512326)
[Subsystems] Discovering subsystems at path C:/Program Files/Unity/Hub/Editor/2020.3.12f1/Editor/Data/Resources/UnitySubsystems
[Subsystems] Discovering subsystems at path C:/Users/Miljko/Documents/GitHub/Platformer game jam/Assets
GfxDevice: creating device client; threaded=0
Direct3D:
    Version:  Direct3D 11.0 [level 11.1]
    Renderer: Radeon RX 570 Series (ID=0x67df)
    Vendor:   
    VRAM:     8170 MB
    Driver:   31.0.12019.9007
Initialize mono
Mono path[0] = 'C:/Program Files/Unity/Hub/Editor/2020.3.12f1/Editor/Data/Managed'
Mono path[1] = 'C:/Program Files/Unity/Hub/Editor/2020.3.12f1/Editor/Data/MonoBleedingEdge/lib/mono/unityjit'
Mono config path = 'C:/Program Files/Unity/Hub/Editor/2020.3.12f1/Editor/Data/MonoBleedingEdge/etc'
Using monoOptions --debugger-agent=transport=dt_socket,embedding=1,server=y,suspend=n,address=127.0.0.1:56640
Begin MonoManager ReloadAssembly
Registering precompiled unity dll's ...
Register platform support module: C:/Program Files/Unity/Hub/Editor/2020.3.12f1/Editor/Data/PlaybackEngines/WindowsStandaloneSupport/UnityEditor.WindowsStandalone.Extensions.dll
Registered in 0.002300 seconds.
Native extension for WindowsStandalone target not found
Refreshing native plugins compatible for Editor in 51.02 ms, found 3 plugins.
Preloading 0 native plugins for Editor in 0.00 ms.
Mono: successfully reloaded assembly
- Completed reload, in  1.249 seconds
Platform modules already initialized, skipping
Registering precompiled user dll's ...
Registered in 0.005036 seconds.
Begin MonoManager ReloadAssembly
Native extension for WindowsStandalone target not found
Refreshing native plugins compatible for Editor in 53.45 ms, found 3 plugins.
Preloading 0 native plugins for Editor in 0.00 ms.
Mono: successfully reloaded assembly
- Completed reload, in  1.291 seconds
Platform modules already initialized, skipping
========================================================================
Worker process is ready to serve import requests
Launched and connected shader compiler UnityShaderCompiler.exe after 0.05 seconds
Refreshing native plugins compatible for Editor in 0.52 ms, found 3 plugins.
Preloading 0 native plugins for Editor in 0.00 ms.
Unloading 2090 Unused Serialized files (Serialized files now loaded: 0)
System memory in use before: 93.3 MB.
System memory in use after: 93.2 MB.

Unloading 33 unused Assets to reduce memory usage. Loaded Objects now: 2527.
Total: 2.424500 ms (FindLiveObjects: 0.222200 ms CreateObjectMapping: 0.053300 ms MarkObjects: 2.010400 ms  DeleteObjects: 0.137600 ms)

AssetImportParameters requested are different than current active one (requested -> active):
  custom:framework-win-MediaFoundation: 216162199b28c13a410421893ffa2e32 -> 
  custom:video-decoder-ogg-theora: a1e56fd34408186e4bbccfd4996cb3dc -> 
  custom:container-muxer-webm: aa71ff27fc2769a1b78a27578f13a17b -> 
  custom:container-demuxer-webm: 4f35f7cbe854078d1ac9338744f61a02 -> 
  custom:container-demuxer-ogg: 62fdf1f143b41e24485cea50d1cbac27 -> 
  custom:video-encoder-webm-vp8: eb34c28f22e8b96e1ab97ce403110664 -> 
  custom:video-decoder-webm-vp8: 9c59270c3fd7afecdb556c50c9e8de78 -> 
  custom:audio-decoder-ogg-vorbis: bf7c407c2cedff20999df2af8eb42d56 -> 
  custom:audio-encoder-webm-vorbis: bf7c407c2cedff20999df2af8eb42d56 -> 
========================================================================
Received Import Request.
  path: Assets/Sprites/Prefab/key.prefab
  artifactKey: Guid(2034bef7268d7f8419508c16a5fc6ec6) Importer(815301076,1909f56bfc062723c751e8b465ee728b)
Start importing Assets/Sprites/Prefab/key.prefab using Guid(2034bef7268d7f8419508c16a5fc6ec6) Importer(815301076,1909f56bfc062723c751e8b465ee728b)  -> (artifact id: 'aac19ea1c615195272b79c1a238a7915') in 0.121930 seconds 
  Import took 0.125266 seconds .

========================================================================
Received Prepare
Registering precompiled user dll's ...
Registered in 0.005097 seconds.
Begin MonoManager ReloadAssembly
Native extension for WindowsStandalone target not found
Refreshing native plugins compatible for Editor in 0.75 ms, found 3 plugins.
Preloading 0 native plugins for Editor in 0.00 ms.
Mono: successfully reloaded assembly
- Completed reload, in  1.224 seconds
Platform modules already initialized, skipping
Refreshing native plugins compatible for Editor in 0.51 ms, found 3 plugins.
Preloading 0 native plugins for Editor in 0.00 ms.
Unloading 2085 Unused Serialized files (Serialized files now loaded: 0)
System memory in use before: 96.2 MB.
System memory in use after: 96.2 MB.

Unloading 21 unused Assets to reduce memory usage. Loaded Objects now: 2538.
Total: 2.303500 ms (FindLiveObjects: 0.192700 ms CreateObjectMapping: 0.052000 ms MarkObjects: 1.948300 ms  DeleteObjects: 0.109100 ms)

AssetImportParameters requested are different than current active one (requested -> active):
  custom:framework-win-MediaFoundation: 216162199b28c13a410421893ffa2e32 -> 
  custom:video-decoder-ogg-theora: a1e56fd34408186e4bbccfd4996cb3dc -> 
  custom:container-muxer-webm: aa71ff27fc2769a1b78a27578f13a17b -> 
  custom:container-demuxer-webm: 4f35f7cbe854078d1ac9338744f61a02 -> 
  custom:container-demuxer-ogg: 62fdf1f143b41e24485cea50d1cbac27 -> 
  custom:video-encoder-webm-vp8: eb34c28f22e8b96e1ab97ce403110664 -> 
  custom:video-decoder-webm-vp8: 9c59270c3fd7afecdb556c50c9e8de78 -> 
  custom:audio-decoder-ogg-vorbis: bf7c407c2cedff20999df2af8eb42d56 -> 
  custom:audio-encoder-webm-vorbis: bf7c407c2cedff20999df2af8eb42d56 -> 
========================================================================
Received Prepare
Registering precompiled user dll's ...
Registered in 0.005141 seconds.
Begin MonoManager ReloadAssembly
Native extension for WindowsStandalone target not found
Refreshing native plugins compatible for Editor in 0.52 ms, found 3 plugins.
Preloading 0 native plugins for Editor in 0.00 ms.
Mono: successfully reloaded assembly
- Completed reload, in  1.145 seconds
Platform modules already initialized, skipping
Refreshing native plugins compatible for Editor in 0.52 ms, found 3 plugins.
Preloading 0 native plugins for Editor in 0.00 ms.
Unloading 2085 Unused Serialized files (Serialized files now loaded: 0)
System memory in use before: 96.2 MB.
System memory in use after: 96.2 MB.

Unloading 21 unused Assets to reduce memory usage. Loaded Objects now: 2542.
Total: 2.429900 ms (FindLiveObjects: 0.202900 ms CreateObjectMapping: 0.052900 ms MarkObjects: 2.056800 ms  DeleteObjects: 0.116000 ms)

AssetImportParameters requested are different than current active one (requested -> active):
  custom:framework-win-MediaFoundation: 216162199b28c13a410421893ffa2e32 -> 
  custom:video-decoder-ogg-theora: a1e56fd34408186e4bbccfd4996cb3dc -> 
  custom:container-muxer-webm: aa71ff27fc2769a1b78a27578f13a17b -> 
  custom:container-demuxer-webm: 4f35f7cbe854078d1ac9338744f61a02 -> 
  custom:container-demuxer-ogg: 62fdf1f143b41e24485cea50d1cbac27 -> 
  custom:video-encoder-webm-vp8: eb34c28f22e8b96e1ab97ce403110664 -> 
  custom:video-decoder-webm-vp8: 9c59270c3fd7afecdb556c50c9e8de78 -> 
  custom:audio-decoder-ogg-vorbis: bf7c407c2cedff20999df2af8eb42d56 -> 
  custom:audio-encoder-webm-vorbis: bf7c407c2cedff20999df2af8eb42d56 -> 
========================================================================
Received Prepare
Registering precompiled user dll's ...
Registered in 0.004991 seconds.
Begin MonoManager ReloadAssembly
Native extension for WindowsStandalone target not found
Refreshing native plugins compatible for Editor in 0.49 ms, found 3 plugins.
Preloading 0 native plugins for Editor in 0.00 ms.
Mono: successfully reloaded assembly
- Completed reload, in  1.153 seconds
Platform modules already initialized, skipping
Refreshing native plugins compatible for Editor in 0.54 ms, found 3 plugins.
Preloading 0 native plugins for Editor in 0.00 ms.
Unloading 2085 Unused Serialized files (Serialized files now loaded: 0)
System memory in use before: 96.3 MB.
System memory in use after: 96.3 MB.

Unloading 21 unused Assets to reduce memory usage. Loaded Objects now: 2546.
Total: 2.422900 ms (FindLiveObjects: 0.231600 ms CreateObjectMapping: 0.055100 ms MarkObjects: 2.021700 ms  DeleteObjects: 0.113400 ms)

AssetImportParameters requested are different than current active one (requested -> active):
  custom:framework-win-MediaFoundation: 216162199b28c13a410421893ffa2e32 -> 
  custom:video-decoder-ogg-theora: a1e56fd34408186e4bbccfd4996cb3dc -> 
  custom:container-muxer-webm: aa71ff27fc2769a1b78a27578f13a17b -> 
  custom:container-demuxer-webm: 4f35f7cbe854078d1ac9338744f61a02 -> 
  custom:container-demuxer-ogg: 62fdf1f143b41e24485cea50d1cbac27 -> 
  custom:video-encoder-webm-vp8: eb34c28f22e8b96e1ab97ce403110664 -> 
  custom:video-decoder-webm-vp8: 9c59270c3fd7afecdb556c50c9e8de78 -> 
  custom:audio-decoder-ogg-vorbis: bf7c407c2cedff20999df2af8eb42d56 -> 
  custom:audio-encoder-webm-vorbis: bf7c407c2cedff20999df2af8eb42d56 -> 
========================================================================
Received Prepare
Registering precompiled user dll's ...
Registered in 0.005593 seconds.
Begin MonoManager ReloadAssembly
Native extension for WindowsStandalone target not found
Refreshing native plugins compatible for Editor in 0.54 ms, found 3 plugins.
Preloading 0 native plugins for Editor in 0.00 ms.
Mono: successfully reloaded assembly
- Completed reload, in  1.286 seconds
Platform modules already initialized, skipping
Refreshing native plugins compatible for Editor in 0.53 ms, found 3 plugins.
Preloading 0 native plugins for Editor in 0.00 ms.
Unloading 2085 Unused Serialized files (Serialized files now loaded: 0)
System memory in use before: 96.3 MB.
System memory in use after: 96.3 MB.

Unloading 21 unused Assets to reduce memory usage. Loaded Objects now: 2550.
Total: 2.387300 ms (FindLiveObjects: 0.214900 ms CreateObjectMapping: 0.053200 ms MarkObjects: 2.003400 ms  DeleteObjects: 0.114600 ms)

AssetImportParameters requested are different than current active one (requested -> active):
  custom:framework-win-MediaFoundation: 216162199b28c13a410421893ffa2e32 -> 
  custom:video-decoder-ogg-theora: a1e56fd34408186e4bbccfd4996cb3dc -> 
  custom:container-muxer-webm: aa71ff27fc2769a1b78a27578f13a17b -> 
  custom:container-demuxer-webm: 4f35f7cbe854078d1ac9338744f61a02 -> 
  custom:container-demuxer-ogg: 62fdf1f143b41e24485cea50d1cbac27 -> 
  custom:video-encoder-webm-vp8: eb34c28f22e8b96e1ab97ce403110664 -> 
  custom:video-decoder-webm-vp8: 9c59270c3fd7afecdb556c50c9e8de78 -> 
  custom:audio-decoder-ogg-vorbis: bf7c407c2cedff20999df2af8eb42d56 -> 
  custom:audio-encoder-webm-vorbis: bf7c407c2cedff20999df2af8eb42d56 -> 
========================================================================
Received Import Request.
  Time since last request: 408.946601 seconds.
  path: Assets/Scripts/Player/Player.cs
  artifactKey: Guid(19cc90c9af3c46b4883ce9d8e610c09f) Importer(815301076,1909f56bfc062723c751e8b465ee728b)
Start importing Assets/Scripts/Player/Player.cs using Guid(19cc90c9af3c46b4883ce9d8e610c09f) Importer(815301076,1909f56bfc062723c751e8b465ee728b)  -> (artifact id: '00000000000000000000000000000000') in 0.006875 seconds  code(4) message(Build asset version error: assets/scripts/player/player.cs in SourceAssetDB has modification time of '2022-09-13T12:09:22.0069209Z' while content on disk has modification time of '2022-09-13T12:09:28.11826Z')
  ERROR: Build asset version error: assets/scripts/player/player.cs in SourceAssetDB has modification time of '2022-09-13T12:09:22.0069209Z' while content on disk has modification time of '2022-09-13T12:09:28.11826Z'
  Import took 0.009910 seconds .

========================================================================
Received Import Request.
  Time since last request: 0.008160 seconds.
  path: Assets/Scripts/Player/Player.cs
  artifactKey: Guid(19cc90c9af3c46b4883ce9d8e610c09f) Importer(815301076,1909f56bfc062723c751e8b465ee728b)
Start importing Assets/Scripts/Player/Player.cs using Guid(19cc90c9af3c46b4883ce9d8e610c09f) Importer(815301076,1909f56bfc062723c751e8b465ee728b)  -> (artifact id: '00000000000000000000000000000000') in 0.000341 seconds  code(4) message(Build asset version error: assets/scripts/player/player.cs in SourceAssetDB has modification time of '2022-09-13T12:09:22.0069209Z' while content on disk has modification time of '2022-09-13T12:09:28.11826Z')
  ERROR: Build asset version error: assets/scripts/player/player.cs in SourceAssetDB has modification time of '2022-09-13T12:09:22.0069209Z' while content on disk has modification time of '2022-09-13T12:09:28.11826Z'
  Import took 0.003155 seconds .

========================================================================
Received Import Request.
  Time since last request: 0.028121 seconds.
  path: Assets/Scripts/Player/Player.cs
  artifactKey: Guid(19cc90c9af3c46b4883ce9d8e610c09f) Importer(815301076,1909f56bfc062723c751e8b465ee728b)
Start importing Assets/Scripts/Player/Player.cs using Guid(19cc90c9af3c46b4883ce9d8e610c09f) Importer(815301076,1909f56bfc062723c751e8b465ee728b)  -> (artifact id: '00000000000000000000000000000000') in 0.000365 seconds  code(4) message(Build asset version error: assets/scripts/player/player.cs in SourceAssetDB has modification time of '2022-09-13T12:09:22.0069209Z' while content on disk has modification time of '2022-09-13T12:09:28.11826Z')
  ERROR: Build asset version error: assets/scripts/player/player.cs in SourceAssetDB has modification time of '2022-09-13T12:09:22.0069209Z' while content on disk has modification time of '2022-09-13T12:09:28.11826Z'
  Import took 0.003275 seconds .

========================================================================
Received Import Request.
  Time since last request: 0.023983 seconds.
  path: Assets/Scripts/Player/Player.cs
  artifactKey: Guid(19cc90c9af3c46b4883ce9d8e610c09f) Importer(815301076,1909f56bfc062723c751e8b465ee728b)
Start importing Assets/Scripts/Player/Player.cs using Guid(19cc90c9af3c46b4883ce9d8e610c09f) Importer(815301076,1909f56bfc062723c751e8b465ee728b)  -> (artifact id: '00000000000000000000000000000000') in 0.000439 seconds  code(4) message(Build asset version error: assets/scripts/player/player.cs in SourceAssetDB has modification time of '2022-09-13T12:09:22.0069209Z' while content on disk has modification time of '2022-09-13T12:09:28.11826Z')
  ERROR: Build asset version error: assets/scripts/player/player.cs in SourceAssetDB has modification time of '2022-09-13T12:09:22.0069209Z' while content on disk has modification time of '2022-09-13T12:09:28.11826Z'
  Import took 0.003660 seconds .

========================================================================
Received Import Request.
  Time since last request: 0.019907 seconds.
  path: Assets/Scripts/Player/Player.cs
  artifactKey: Guid(19cc90c9af3c46b4883ce9d8e610c09f) Importer(815301076,1909f56bfc062723c751e8b465ee728b)
Start importing Assets/Scripts/Player/Player.cs using Guid(19cc90c9af3c46b4883ce9d8e610c09f) Importer(815301076,1909f56bfc062723c751e8b465ee728b)  -> (artifact id: '00000000000000000000000000000000') in 0.000431 seconds  code(4) message(Build asset version error: assets/scripts/player/player.cs in SourceAssetDB has modification time of '2022-09-13T12:09:22.0069209Z' while content on disk has modification time of '2022-09-13T12:09:28.11826Z')
  ERROR: Build asset version error: assets/scripts/player/player.cs in SourceAssetDB has modification time of '2022-09-13T12:09:22.0069209Z' while content on disk has modification time of '2022-09-13T12:09:28.11826Z'
  Import took 0.003537 seconds .

========================================================================
Received Import Request.
  Time since last request: 0.019957 seconds.
  path: Assets/Scripts/Player/Player.cs
  artifactKey: Guid(19cc90c9af3c46b4883ce9d8e610c09f) Importer(815301076,1909f56bfc062723c751e8b465ee728b)
Start importing Assets/Scripts/Player/Player.cs using Guid(19cc90c9af3c46b4883ce9d8e610c09f) Importer(815301076,1909f56bfc062723c751e8b465ee728b)  -> (artifact id: '00000000000000000000000000000000') in 0.000385 seconds  code(4) message(Build asset version error: assets/scripts/player/player.cs in SourceAssetDB has modification time of '2022-09-13T12:09:22.0069209Z' while content on disk has modification time of '2022-09-13T12:09:28.11826Z')
  ERROR: Build asset version error: assets/scripts/player/player.cs in SourceAssetDB has modification time of '2022-09-13T12:09:22.0069209Z' while content on disk has modification time of '2022-09-13T12:09:28.11826Z'
  Import took 0.003370 seconds .

========================================================================
Received Import Request.
  Time since last request: 0.020746 seconds.
  path: Assets/Scripts/Player/Player.cs
  artifactKey: Guid(19cc90c9af3c46b4883ce9d8e610c09f) Importer(815301076,1909f56bfc062723c751e8b465ee728b)
Start importing Assets/Scripts/Player/Player.cs using Guid(19cc90c9af3c46b4883ce9d8e610c09f) Importer(815301076,1909f56bfc062723c751e8b465ee728b)  -> (artifact id: '00000000000000000000000000000000') in 0.000459 seconds  code(4) message(Build asset version error: assets/scripts/player/player.cs in SourceAssetDB has modification time of '2022-09-13T12:09:22.0069209Z' while content on disk has modification time of '2022-09-13T12:09:28.11826Z')
  ERROR: Build asset version error: assets/scripts/player/player.cs in SourceAssetDB has modification time of '2022-09-13T12:09:22.0069209Z' while content on disk has modification time of '2022-09-13T12:09:28.11826Z'
  Import took 0.003837 seconds .

========================================================================
Received Import Request.
  Time since last request: 0.019727 seconds.
  path: Assets/Scripts/Player/Player.cs
  artifactKey: Guid(19cc90c9af3c46b4883ce9d8e610c09f) Importer(815301076,1909f56bfc062723c751e8b465ee728b)
Start importing Assets/Scripts/Player/Player.cs using Guid(19cc90c9af3c46b4883ce9d8e610c09f) Importer(815301076,1909f56bfc062723c751e8b465ee728b)  -> (artifact id: '00000000000000000000000000000000') in 0.000383 seconds  code(4) message(Build asset version error: assets/scripts/player/player.cs in SourceAssetDB has modification time of '2022-09-13T12:09:22.0069209Z' while content on disk has modification time of '2022-09-13T12:09:28.11826Z')
  ERROR: Build asset version error: assets/scripts/player/player.cs in SourceAssetDB has modification time of '2022-09-13T12:09:22.0069209Z' while content on disk has modification time of '2022-09-13T12:09:28.11826Z'
  Import took 0.003405 seconds .

========================================================================
Received Import Request.
  Time since last request: 0.024390 seconds.
  path: Assets/Scripts/Player/Player.cs
  artifactKey: Guid(19cc90c9af3c46b4883ce9d8e610c09f) Importer(815301076,1909f56bfc062723c751e8b465ee728b)
Start importing Assets/Scripts/Player/Player.cs using Guid(19cc90c9af3c46b4883ce9d8e610c09f) Importer(815301076,1909f56bfc062723c751e8b465ee728b)  -> (artifact id: '00000000000000000000000000000000') in 0.000407 seconds  code(4) message(Build asset version error: assets/scripts/player/player.cs in SourceAssetDB has modification time of '2022-09-13T12:09:22.0069209Z' while content on disk has modification time of '2022-09-13T12:09:28.11826Z')
  ERROR: Build asset version error: assets/scripts/player/player.cs in SourceAssetDB has modification time of '2022-09-13T12:09:22.0069209Z' while content on disk has modification time of '2022-09-13T12:09:28.11826Z'
  Import took 0.003497 seconds .

========================================================================
Received Import Request.
  Time since last request: 0.023028 seconds.
  path: Assets/Scripts/Player/Player.cs
  artifactKey: Guid(19cc90c9af3c46b4883ce9d8e610c09f) Importer(815301076,1909f56bfc062723c751e8b465ee728b)
Start importing Assets/Scripts/Player/Player.cs using Guid(19cc90c9af3c46b4883ce9d8e610c09f) Importer(815301076,1909f56bfc062723c751e8b465ee728b)  -> (artifact id: '00000000000000000000000000000000') in 0.000337 seconds  code(4) message(Build asset version error: assets/scripts/player/player.cs in SourceAssetDB has modification time of '2022-09-13T12:09:22.0069209Z' while content on disk has modification time of '2022-09-13T12:09:28.11826Z')
  ERROR: Build asset version error: assets/scripts/player/player.cs in SourceAssetDB has modification time of '2022-09-13T12:09:22.0069209Z' while content on disk has modification time of '2022-09-13T12:09:28.11826Z'
  Import took 0.003517 seconds .

========================================================================
Received Import Request.
  Time since last request: 0.017710 seconds.
  path: Assets/Scripts/Player/Player.cs
  artifactKey: Guid(19cc90c9af3c46b4883ce9d8e610c09f) Importer(815301076,1909f56bfc062723c751e8b465ee728b)
Start importing Assets/Scripts/Player/Player.cs using Guid(19cc90c9af3c46b4883ce9d8e610c09f) Importer(815301076,1909f56bfc062723c751e8b465ee728b)  -> (artifact id: '00000000000000000000000000000000') in 0.000334 seconds  code(4) message(Build asset version error: assets/scripts/player/player.cs in SourceAssetDB has modification time of '2022-09-13T12:09:22.0069209Z' while content on disk has modification time of '2022-09-13T12:09:28.11826Z')
  ERROR: Build asset version error: assets/scripts/player/player.cs in SourceAssetDB has modification time of '2022-09-13T12:09:22.0069209Z' while content on disk has modification time of '2022-09-13T12:09:28.11826Z'
  Import took 0.003113 seconds .

========================================================================
Received Import Request.
  Time since last request: 0.021080 seconds.
  path: Assets/Scripts/Player/Player.cs
  artifactKey: Guid(19cc90c9af3c46b4883ce9d8e610c09f) Importer(815301076,1909f56bfc062723c751e8b465ee728b)
Start importing Assets/Scripts/Player/Player.cs using Guid(19cc90c9af3c46b4883ce9d8e610c09f) Importer(815301076,1909f56bfc062723c751e8b465ee728b)  -> (artifact id: '00000000000000000000000000000000') in 0.000341 seconds  code(4) message(Build asset version error: assets/scripts/player/player.cs in SourceAssetDB has modification time of '2022-09-13T12:09:22.0069209Z' while content on disk has modification time of '2022-09-13T12:09:28.11826Z')
  ERROR: Build asset version error: assets/scripts/player/player.cs in SourceAssetDB has modification time of '2022-09-13T12:09:22.0069209Z' while content on disk has modification time of '2022-09-13T12:09:28.11826Z'
  Import took 0.003122 seconds .

========================================================================
Received Import Request.
  Time since last request: 0.019780 seconds.
  path: Assets/Scripts/Player/Player.cs
  artifactKey: Guid(19cc90c9af3c46b4883ce9d8e610c09f) Importer(815301076,1909f56bfc062723c751e8b465ee728b)
Start importing Assets/Scripts/Player/Player.cs using Guid(19cc90c9af3c46b4883ce9d8e610c09f) Importer(815301076,1909f56bfc062723c751e8b465ee728b)  -> (artifact id: '00000000000000000000000000000000') in 0.000350 seconds  code(4) message(Build asset version error: assets/scripts/player/player.cs in SourceAssetDB has modification time of '2022-09-13T12:09:22.0069209Z' while content on disk has modification time of '2022-09-13T12:09:28.11826Z')
  ERROR: Build asset version error: assets/scripts/player/player.cs in SourceAssetDB has modification time of '2022-09-13T12:09:22.0069209Z' while content on disk has modification time of '2022-09-13T12:09:28.11826Z'
  Import took 0.003213 seconds .

========================================================================
Received Import Request.
  Time since last request: 0.021322 seconds.
  path: Assets/Scripts/Player/Player.cs
  artifactKey: Guid(19cc90c9af3c46b4883ce9d8e610c09f) Importer(815301076,1909f56bfc062723c751e8b465ee728b)
Start importing Assets/Scripts/Player/Player.cs using Guid(19cc90c9af3c46b4883ce9d8e610c09f) Importer(815301076,1909f56bfc062723c751e8b465ee728b)  -> (artifact id: '00000000000000000000000000000000') in 0.000342 seconds  code(4) message(Build asset version error: assets/scripts/player/player.cs in SourceAssetDB has modification time of '2022-09-13T12:09:22.0069209Z' while content on disk has modification time of '2022-09-13T12:09:28.11826Z')
  ERROR: Build asset version error: assets/scripts/player/player.cs in SourceAssetDB has modification time of '2022-09-13T12:09:22.0069209Z' while content on disk has modification time of '2022-09-13T12:09:28.11826Z'
  Import took 0.003123 seconds .

========================================================================
Received Import Request.
  Time since last request: 0.019019 seconds.
  path: Assets/Scripts/Player/Player.cs
  artifactKey: Guid(19cc90c9af3c46b4883ce9d8e610c09f) Importer(815301076,1909f56bfc062723c751e8b465ee728b)
Start importing Assets/Scripts/Player/Player.cs using Guid(19cc90c9af3c46b4883ce9d8e610c09f) Importer(815301076,1909f56bfc062723c751e8b465ee728b)  -> (artifact id: '00000000000000000000000000000000') in 0.000345 seconds  code(4) message(Build asset version error: assets/scripts/player/player.cs in SourceAssetDB has modification time of '2022-09-13T12:09:22.0069209Z' while content on disk has modification time of '2022-09-13T12:09:28.11826Z')
  ERROR: Build asset version error: assets/scripts/player/player.cs in SourceAssetDB has modification time of '2022-09-13T12:09:22.0069209Z' while content on disk has modification time of '2022-09-13T12:09:28.11826Z'
  Import took 0.003203 seconds .

========================================================================
Received Import Request.
  Time since last request: 0.020831 seconds.
  path: Assets/Scripts/Player/Player.cs
  artifactKey: Guid(19cc90c9af3c46b4883ce9d8e610c09f) Importer(815301076,1909f56bfc062723c751e8b465ee728b)
Start importing Assets/Scripts/Player/Player.cs using Guid(19cc90c9af3c46b4883ce9d8e610c09f) Importer(815301076,1909f56bfc062723c751e8b465ee728b)  -> (artifact id: '00000000000000000000000000000000') in 0.000348 seconds  code(4) message(Build asset version error: assets/scripts/player/player.cs in SourceAssetDB has modification time of '2022-09-13T12:09:22.0069209Z' while content on disk has modification time of '2022-09-13T12:09:28.11826Z')
  ERROR: Build asset version error: assets/scripts/player/player.cs in SourceAssetDB has modification time of '2022-09-13T12:09:22.0069209Z' while content on disk has modification time of '2022-09-13T12:09:28.11826Z'
  Import took 0.003238 seconds .

========================================================================
Received Import Request.
  Time since last request: 0.021553 seconds.
  path: Assets/Scripts/Player/Player.cs
  artifactKey: Guid(19cc90c9af3c46b4883ce9d8e610c09f) Importer(815301076,1909f56bfc062723c751e8b465ee728b)
Start importing Assets/Scripts/Player/Player.cs using Guid(19cc90c9af3c46b4883ce9d8e610c09f) Importer(815301076,1909f56bfc062723c751e8b465ee728b)  -> (artifact id: '00000000000000000000000000000000') in 0.000329 seconds  code(4) message(Build asset version error: assets/scripts/player/player.cs in SourceAssetDB has modification time of '2022-09-13T12:09:22.0069209Z' while content on disk has modification time of '2022-09-13T12:09:28.11826Z')
  ERROR: Build asset version error: assets/scripts/player/player.cs in SourceAssetDB has modification time of '2022-09-13T12:09:22.0069209Z' while content on disk has modification time of '2022-09-13T12:09:28.11826Z'
  Import took 0.003262 seconds .

========================================================================
Received Import Request.
  Time since last request: 0.020822 seconds.
  path: Assets/Scripts/Player/Player.cs
  artifactKey: Guid(19cc90c9af3c46b4883ce9d8e610c09f) Importer(815301076,1909f56bfc062723c751e8b465ee728b)
Start importing Assets/Scripts/Player/Player.cs using Guid(19cc90c9af3c46b4883ce9d8e610c09f) Importer(815301076,1909f56bfc062723c751e8b465ee728b)  -> (artifact id: '00000000000000000000000000000000') in 0.000378 seconds  code(4) message(Build asset version error: assets/scripts/player/player.cs in SourceAssetDB has modification time of '2022-09-13T12:09:22.0069209Z' while content on disk has modification time of '2022-09-13T12:09:28.11826Z')
  ERROR: Build asset version error: assets/scripts/player/player.cs in SourceAssetDB has modification time of '2022-09-13T12:09:22.0069209Z' while content on disk has modification time of '2022-09-13T12:09:28.11826Z'
  Import took 0.003422 seconds .

========================================================================
Received Import Request.
  Time since last request: 0.018541 seconds.
  path: Assets/Scripts/Player/Player.cs
  artifactKey: Guid(19cc90c9af3c46b4883ce9d8e610c09f) Importer(815301076,1909f56bfc062723c751e8b465ee728b)
Start importing Assets/Scripts/Player/Player.cs using Guid(19cc90c9af3c46b4883ce9d8e610c09f) Importer(815301076,1909f56bfc062723c751e8b465ee728b)  -> (artifact id: '00000000000000000000000000000000') in 0.000319 seconds  code(4) message(Build asset version error: assets/scripts/player/player.cs in SourceAssetDB has modification time of '2022-09-13T12:09:22.0069209Z' while content on disk has modification time of '2022-09-13T12:09:28.11826Z')
  ERROR: Build asset version error: assets/scripts/player/player.cs in SourceAssetDB has modification time of '2022-09-13T12:09:22.0069209Z' while content on disk has modification time of '2022-09-13T12:09:28.11826Z'
  Import took 0.003307 seconds .

========================================================================
Received Import Request.
  Time since last request: 0.018707 seconds.
  path: Assets/Scripts/Player/Player.cs
  artifactKey: Guid(19cc90c9af3c46b4883ce9d8e610c09f) Importer(815301076,1909f56bfc062723c751e8b465ee728b)
Start importing Assets/Scripts/Player/Player.cs using Guid(19cc90c9af3c46b4883ce9d8e610c09f) Importer(815301076,1909f56bfc062723c751e8b465ee728b)  -> (artifact id: '00000000000000000000000000000000') in 0.000310 seconds  code(4) message(Build asset version error: assets/scripts/player/player.cs in SourceAssetDB has modification time of '2022-09-13T12:09:22.0069209Z' while content on disk has modification time of '2022-09-13T12:09:28.11826Z')
  ERROR: Build asset version error: assets/scripts/player/player.cs in SourceAssetDB has modification time of '2022-09-13T12:09:22.0069209Z' while content on disk has modification time of '2022-09-13T12:09:28.11826Z'
  Import took 0.003195 seconds .

========================================================================
Received Import Request.
  Time since last request: 0.021686 seconds.
  path: Assets/Scripts/Player/Player.cs
  artifactKey: Guid(19cc90c9af3c46b4883ce9d8e610c09f) Importer(815301076,1909f56bfc062723c751e8b465ee728b)
Start importing Assets/Scripts/Player/Player.cs using Guid(19cc90c9af3c46b4883ce9d8e610c09f) Importer(815301076,1909f56bfc062723c751e8b465ee728b)  -> (artifact id: '00000000000000000000000000000000') in 0.000361 seconds  code(4) message(Build asset version error: assets/scripts/player/player.cs in SourceAssetDB has modification time of '2022-09-13T12:09:22.0069209Z' while content on disk has modification time of '2022-09-13T12:09:28.11826Z')
  ERROR: Build asset version error: assets/scripts/player/player.cs in SourceAssetDB has modification time of '2022-09-13T12:09:22.0069209Z' while content on disk has modification time of '2022-09-13T12:09:28.11826Z'
  Import took 0.003331 seconds .

========================================================================
Received Import Request.
  Time since last request: 0.018159 seconds.
  path: Assets/Scripts/Player/Player.cs
  artifactKey: Guid(19cc90c9af3c46b4883ce9d8e610c09f) Importer(815301076,1909f56bfc062723c751e8b465ee728b)
Start importing Assets/Scripts/Player/Player.cs using Guid(19cc90c9af3c46b4883ce9d8e610c09f) Importer(815301076,1909f56bfc062723c751e8b465ee728b)  -> (artifact id: '00000000000000000000000000000000') in 0.000350 seconds  code(4) message(Build asset version error: assets/scripts/player/player.cs in SourceAssetDB has modification time of '2022-09-13T12:09:22.0069209Z' while content on disk has modification time of '2022-09-13T12:09:28.11826Z')
  ERROR: Build asset version error: assets/scripts/player/player.cs in SourceAssetDB has modification time of '2022-09-13T12:09:22.0069209Z' while content on disk has modification time of '2022-09-13T12:09:28.11826Z'
  Import took 0.003224 seconds .

========================================================================
Received Import Request.
  Time since last request: 0.020888 seconds.
  path: Assets/Scripts/Player/Player.cs
  artifactKey: Guid(19cc90c9af3c46b4883ce9d8e610c09f) Importer(815301076,1909f56bfc062723c751e8b465ee728b)
Start importing Assets/Scripts/Player/Player.cs using Guid(19cc90c9af3c46b4883ce9d8e610c09f) Importer(815301076,1909f56bfc062723c751e8b465ee728b)  -> (artifact id: '00000000000000000000000000000000') in 0.000359 seconds  code(4) message(Build asset version error: assets/scripts/player/player.cs in SourceAssetDB has modification time of '2022-09-13T12:09:22.0069209Z' while content on disk has modification time of '2022-09-13T12:09:28.11826Z')
  ERROR: Build asset version error: assets/scripts/player/player.cs in SourceAssetDB has modification time of '2022-09-13T12:09:22.0069209Z' while content on disk has modification time of '2022-09-13T12:09:28.11826Z'
  Import took 0.003281 seconds .

========================================================================
Received Import Request.
  Time since last request: 0.019096 seconds.
  path: Assets/Scripts/Player/Player.cs
  artifactKey: Guid(19cc90c9af3c46b4883ce9d8e610c09f) Importer(815301076,1909f56bfc062723c751e8b465ee728b)
Start importing Assets/Scripts/Player/Player.cs using Guid(19cc90c9af3c46b4883ce9d8e610c09f) Importer(815301076,1909f56bfc062723c751e8b465ee728b)  -> (artifact id: '00000000000000000000000000000000') in 0.000321 seconds  code(4) message(Build asset version error: assets/scripts/player/player.cs in SourceAssetDB has modification time of '2022-09-13T12:09:22.0069209Z' while content on disk has modification time of '2022-09-13T12:09:28.11826Z')
  ERROR: Build asset version error: assets/scripts/player/player.cs in SourceAssetDB has modification time of '2022-09-13T12:09:22.0069209Z' while content on disk has modification time of '2022-09-13T12:09:28.11826Z'
  Import took 0.003126 seconds .

========================================================================
Received Import Request.
  Time since last request: 0.028108 seconds.
  path: Assets/Scripts/Player/Player.cs
  artifactKey: Guid(19cc90c9af3c46b4883ce9d8e610c09f) Importer(815301076,1909f56bfc062723c751e8b465ee728b)
Start importing Assets/Scripts/Player/Player.cs using Guid(19cc90c9af3c46b4883ce9d8e610c09f) Importer(815301076,1909f56bfc062723c751e8b465ee728b)  -> (artifact id: '00000000000000000000000000000000') in 0.000347 seconds  code(4) message(Build asset version error: assets/scripts/player/player.cs in SourceAssetDB has modification time of '2022-09-13T12:09:22.0069209Z' while content on disk has modification time of '2022-09-13T12:09:28.11826Z')
  ERROR: Build asset version error: assets/scripts/player/player.cs in SourceAssetDB has modification time of '2022-09-13T12:09:22.0069209Z' while content on disk has modification time of '2022-09-13T12:09:28.11826Z'
  Import took 0.003138 seconds .

========================================================================
Received Import Request.
  Time since last request: 0.020275 seconds.
  path: Assets/Scripts/Player/Player.cs
  artifactKey: Guid(19cc90c9af3c46b4883ce9d8e610c09f) Importer(815301076,1909f56bfc062723c751e8b465ee728b)
Start importing Assets/Scripts/Player/Player.cs using Guid(19cc90c9af3c46b4883ce9d8e610c09f) Importer(815301076,1909f56bfc062723c751e8b465ee728b)  -> (artifact id: '00000000000000000000000000000000') in 0.000345 seconds  code(4) message(Build asset version error: assets/scripts/player/player.cs in SourceAssetDB has modification time of '2022-09-13T12:09:22.0069209Z' while content on disk has modification time of '2022-09-13T12:09:28.11826Z')
  ERROR: Build asset version error: assets/scripts/player/player.cs in SourceAssetDB has modification time of '2022-09-13T12:09:22.0069209Z' while content on disk has modification time of '2022-09-13T12:09:28.11826Z'
  Import took 0.003586 seconds .

========================================================================
Received Prepare
Registering precompiled user dll's ...
Registered in 0.005421 seconds.
Begin MonoManager ReloadAssembly
Native extension for WindowsStandalone target not found
Refreshing native plugins compatible for Editor in 0.53 ms, found 3 plugins.
Preloading 0 native plugins for Editor in 0.00 ms.
Mono: successfully reloaded assembly
- Completed reload, in  1.172 seconds
Platform modules already initialized, skipping
Refreshing native plugins compatible for Editor in 0.52 ms, found 3 plugins.
Preloading 0 native plugins for Editor in 0.00 ms.
Unloading 2085 Unused Serialized files (Serialized files now loaded: 0)
System memory in use before: 96.3 MB.
System memory in use after: 96.3 MB.

Unloading 21 unused Assets to reduce memory usage. Loaded Objects now: 2554.
Total: 2.328800 ms (FindLiveObjects: 0.193200 ms CreateObjectMapping: 0.052700 ms MarkObjects: 1.973000 ms  DeleteObjects: 0.108700 ms)

AssetImportParameters requested are different than current active one (requested -> active):
  custom:framework-win-MediaFoundation: 216162199b28c13a410421893ffa2e32 -> 
  custom:video-decoder-ogg-theora: a1e56fd34408186e4bbccfd4996cb3dc -> 
  custom:container-muxer-webm: aa71ff27fc2769a1b78a27578f13a17b -> 
  custom:container-demuxer-webm: 4f35f7cbe854078d1ac9338744f61a02 -> 
  custom:container-demuxer-ogg: 62fdf1f143b41e24485cea50d1cbac27 -> 
  custom:video-encoder-webm-vp8: eb34c28f22e8b96e1ab97ce403110664 -> 
  custom:video-decoder-webm-vp8: 9c59270c3fd7afecdb556c50c9e8de78 -> 
  custom:audio-decoder-ogg-vorbis: bf7c407c2cedff20999df2af8eb42d56 -> 
  custom:audio-encoder-webm-vorbis: bf7c407c2cedff20999df2af8eb42d56 -> 
========================================================================
Received Import Request.
  Time since last request: 5.073910 seconds.
  path: Assets/Scripts/Player/Player.cs
  artifactKey: Guid(19cc90c9af3c46b4883ce9d8e610c09f) Importer(815301076,1909f56bfc062723c751e8b465ee728b)
Start importing Assets/Scripts/Player/Player.cs using Guid(19cc90c9af3c46b4883ce9d8e610c09f) Importer(815301076,1909f56bfc062723c751e8b465ee728b)  -> (artifact id: '6e714cb8cf850b098a131b176f38fea7') in 0.008418 seconds 
  Import took 0.011635 seconds .

========================================================================
Received Prepare
Registering precompiled user dll's ...
Registered in 0.005179 seconds.
Begin MonoManager ReloadAssembly
Native extension for WindowsStandalone target not found
Refreshing native plugins compatible for Editor in 0.54 ms, found 3 plugins.
Preloading 0 native plugins for Editor in 0.00 ms.
Mono: successfully reloaded assembly
- Completed reload, in  1.165 seconds
Platform modules already initialized, skipping
Refreshing native plugins compatible for Editor in 0.53 ms, found 3 plugins.
Preloading 0 native plugins for Editor in 0.00 ms.
Unloading 2085 Unused Serialized files (Serialized files now loaded: 0)
System memory in use before: 96.3 MB.
System memory in use after: 96.3 MB.

Unloading 21 unused Assets to reduce memory usage. Loaded Objects now: 2558.
Total: 2.771800 ms (FindLiveObjects: 0.221400 ms CreateObjectMapping: 0.054500 ms MarkObjects: 2.354200 ms  DeleteObjects: 0.140100 ms)

AssetImportParameters requested are different than current active one (requested -> active):
  custom:framework-win-MediaFoundation: 216162199b28c13a410421893ffa2e32 -> 
  custom:video-decoder-ogg-theora: a1e56fd34408186e4bbccfd4996cb3dc -> 
  custom:container-muxer-webm: aa71ff27fc2769a1b78a27578f13a17b -> 
  custom:container-demuxer-webm: 4f35f7cbe854078d1ac9338744f61a02 -> 
  custom:container-demuxer-ogg: 62fdf1f143b41e24485cea50d1cbac27 -> 
  custom:video-encoder-webm-vp8: eb34c28f22e8b96e1ab97ce403110664 -> 
  custom:video-decoder-webm-vp8: 9c59270c3fd7afecdb556c50c9e8de78 -> 
  custom:audio-decoder-ogg-vorbis: bf7c407c2cedff20999df2af8eb42d56 -> 
  custom:audio-encoder-webm-vorbis: bf7c407c2cedff20999df2af8eb42d56 -> 
========================================================================
Received Prepare
Registering precompiled user dll's ...
Registered in 0.004974 seconds.
Begin MonoManager ReloadAssembly
Native extension for WindowsStandalone target not found
Refreshing native plugins compatible for Editor in 0.54 ms, found 3 plugins.
Preloading 0 native plugins for Editor in 0.00 ms.
Mono: successfully reloaded assembly
- Completed reload, in  1.156 seconds
Platform modules already initialized, skipping
Refreshing native plugins compatible for Editor in 0.54 ms, found 3 plugins.
Preloading 0 native plugins for Editor in 0.00 ms.
Unloading 2085 Unused Serialized files (Serialized files now loaded: 0)
System memory in use before: 96.3 MB.
System memory in use after: 96.3 MB.

Unloading 21 unused Assets to reduce memory usage. Loaded Objects now: 2562.
Total: 2.360800 ms (FindLiveObjects: 0.202000 ms CreateObjectMapping: 0.052400 ms MarkObjects: 1.995300 ms  DeleteObjects: 0.109900 ms)

AssetImportParameters requested are different than current active one (requested -> active):
  custom:framework-win-MediaFoundation: 216162199b28c13a410421893ffa2e32 -> 
  custom:video-decoder-ogg-theora: a1e56fd34408186e4bbccfd4996cb3dc -> 
  custom:container-muxer-webm: aa71ff27fc2769a1b78a27578f13a17b -> 
  custom:container-demuxer-webm: 4f35f7cbe854078d1ac9338744f61a02 -> 
  custom:container-demuxer-ogg: 62fdf1f143b41e24485cea50d1cbac27 -> 
  custom:video-encoder-webm-vp8: eb34c28f22e8b96e1ab97ce403110664 -> 
  custom:video-decoder-webm-vp8: 9c59270c3fd7afecdb556c50c9e8de78 -> 
  custom:audio-decoder-ogg-vorbis: bf7c407c2cedff20999df2af8eb42d56 -> 
  custom:audio-encoder-webm-vorbis: bf7c407c2cedff20999df2af8eb42d56 -> 
========================================================================
Received Import Request.
  Time since last request: 98.087379 seconds.
  path: Assets/Sprites/Prefab/key.prefab
  artifactKey: Guid(2034bef7268d7f8419508c16a5fc6ec6) Importer(815301076,1909f56bfc062723c751e8b465ee728b)
Start importing Assets/Sprites/Prefab/key.prefab using Guid(2034bef7268d7f8419508c16a5fc6ec6) Importer(815301076,1909f56bfc062723c751e8b465ee728b)  -> (artifact id: 'fd800be265d162493f24144b4bedb631') in 0.064705 seconds 
  Import took 0.068360 seconds .

========================================================================
Received Prepare
Registering precompiled user dll's ...
Registered in 0.004984 seconds.
Begin MonoManager ReloadAssembly
Native extension for WindowsStandalone target not found
Refreshing native plugins compatible for Editor in 0.55 ms, found 3 plugins.
Preloading 0 native plugins for Editor in 0.00 ms.
Mono: successfully reloaded assembly
- Completed reload, in  1.136 seconds
Platform modules already initialized, skipping
Refreshing native plugins compatible for Editor in 0.52 ms, found 3 plugins.
Preloading 0 native plugins for Editor in 0.00 ms.
Unloading 2085 Unused Serialized files (Serialized files now loaded: 0)
System memory in use before: 96.3 MB.
System memory in use after: 96.3 MB.

Unloading 21 unused Assets to reduce memory usage. Loaded Objects now: 2567.
Total: 2.640900 ms (FindLiveObjects: 0.347800 ms CreateObjectMapping: 0.083300 ms MarkObjects: 2.091900 ms  DeleteObjects: 0.116800 ms)

AssetImportParameters requested are different than current active one (requested -> active):
  custom:framework-win-MediaFoundation: 216162199b28c13a410421893ffa2e32 -> 
  custom:video-decoder-ogg-theora: a1e56fd34408186e4bbccfd4996cb3dc -> 
  custom:container-muxer-webm: aa71ff27fc2769a1b78a27578f13a17b -> 
  custom:container-demuxer-webm: 4f35f7cbe854078d1ac9338744f61a02 -> 
  custom:container-demuxer-ogg: 62fdf1f143b41e24485cea50d1cbac27 -> 
  custom:video-encoder-webm-vp8: eb34c28f22e8b96e1ab97ce403110664 -> 
  custom:video-decoder-webm-vp8: 9c59270c3fd7afecdb556c50c9e8de78 -> 
  custom:audio-decoder-ogg-vorbis: bf7c407c2cedff20999df2af8eb42d56 -> 
  custom:audio-encoder-webm-vorbis: bf7c407c2cedff20999df2af8eb42d56 -> 
========================================================================
Received Import Request.
  Time since last request: 19.427658 seconds.
  path: Assets/Sprites/Prefab/key1.prefab
  artifactKey: Guid(37a3025e46414ab4080e879ce21c384b) Importer(815301076,1909f56bfc062723c751e8b465ee728b)
Start importing Assets/Sprites/Prefab/key1.prefab using Guid(37a3025e46414ab4080e879ce21c384b) Importer(815301076,1909f56bfc062723c751e8b465ee728b)  -> (artifact id: 'c6cadd6cc8569f553bfe8726ed826925') in 0.055085 seconds 
  Import took 0.058396 seconds .

========================================================================
Received Prepare
Registering precompiled user dll's ...
Registered in 0.005031 seconds.
Begin MonoManager ReloadAssembly
Native extension for WindowsStandalone target not found
Refreshing native plugins compatible for Editor in 0.52 ms, found 3 plugins.
Preloading 0 native plugins for Editor in 0.00 ms.
Mono: successfully reloaded assembly
- Completed reload, in  1.164 seconds
Platform modules already initialized, skipping
Refreshing native plugins compatible for Editor in 0.52 ms, found 3 plugins.
Preloading 0 native plugins for Editor in 0.00 ms.
Unloading 2085 Unused Serialized files (Serialized files now loaded: 0)
System memory in use before: 96.4 MB.
System memory in use after: 96.3 MB.

Unloading 21 unused Assets to reduce memory usage. Loaded Objects now: 2572.
Total: 2.349300 ms (FindLiveObjects: 0.194300 ms CreateObjectMapping: 0.053000 ms MarkObjects: 1.986400 ms  DeleteObjects: 0.114400 ms)

AssetImportParameters requested are different than current active one (requested -> active):
  custom:framework-win-MediaFoundation: 216162199b28c13a410421893ffa2e32 -> 
  custom:video-decoder-ogg-theora: a1e56fd34408186e4bbccfd4996cb3dc -> 
  custom:container-muxer-webm: aa71ff27fc2769a1b78a27578f13a17b -> 
  custom:container-demuxer-webm: 4f35f7cbe854078d1ac9338744f61a02 -> 
  custom:container-demuxer-ogg: 62fdf1f143b41e24485cea50d1cbac27 -> 
  custom:video-encoder-webm-vp8: eb34c28f22e8b96e1ab97ce403110664 -> 
  custom:video-decoder-webm-vp8: 9c59270c3fd7afecdb556c50c9e8de78 -> 
  custom:audio-decoder-ogg-vorbis: bf7c407c2cedff20999df2af8eb42d56 -> 
  custom:audio-encoder-webm-vorbis: bf7c407c2cedff20999df2af8eb42d56 -> 
========================================================================
Received Import Request.
  Time since last request: 99.638408 seconds.
  path: Assets/Sprites/Prefab/key 1.prefab
  artifactKey: Guid(8d4545a8bad845546ac31f7208a7b504) Importer(815301076,1909f56bfc062723c751e8b465ee728b)
Start importing Assets/Sprites/Prefab/key 1.prefab using Guid(8d4545a8bad845546ac31f7208a7b504) Importer(815301076,1909f56bfc062723c751e8b465ee728b)  -> (artifact id: '1949bd2fd7562a1a10d1ad6315fa2e8f') in 0.057162 seconds 
  Import took 0.060478 seconds .

========================================================================
Received Prepare
Registering precompiled user dll's ...
Registered in 0.005016 seconds.
Begin MonoManager ReloadAssembly
Native extension for WindowsStandalone target not found
Refreshing native plugins compatible for Editor in 0.55 ms, found 3 plugins.
Preloading 0 native plugins for Editor in 0.00 ms.
Mono: successfully reloaded assembly
- Completed reload, in  1.146 seconds
Platform modules already initialized, skipping
Refreshing native plugins compatible for Editor in 0.51 ms, found 3 plugins.
Preloading 0 native plugins for Editor in 0.00 ms.
Unloading 2085 Unused Serialized files (Serialized files now loaded: 0)
System memory in use before: 96.4 MB.
System memory in use after: 96.4 MB.

Unloading 21 unused Assets to reduce memory usage. Loaded Objects now: 2577.
Total: 2.340800 ms (FindLiveObjects: 0.199500 ms CreateObjectMapping: 0.052500 ms MarkObjects: 1.970300 ms  DeleteObjects: 0.117200 ms)

AssetImportParameters requested are different than current active one (requested -> active):
  custom:framework-win-MediaFoundation: 216162199b28c13a410421893ffa2e32 -> 
  custom:video-decoder-ogg-theora: a1e56fd34408186e4bbccfd4996cb3dc -> 
  custom:container-muxer-webm: aa71ff27fc2769a1b78a27578f13a17b -> 
  custom:container-demuxer-webm: 4f35f7cbe854078d1ac9338744f61a02 -> 
  custom:container-demuxer-ogg: 62fdf1f143b41e24485cea50d1cbac27 -> 
  custom:video-encoder-webm-vp8: eb34c28f22e8b96e1ab97ce403110664 -> 
  custom:video-decoder-webm-vp8: 9c59270c3fd7afecdb556c50c9e8de78 -> 
  custom:audio-decoder-ogg-vorbis: bf7c407c2cedff20999df2af8eb42d56 -> 
  custom:audio-encoder-webm-vorbis: bf7c407c2cedff20999df2af8eb42d56 -> 
========================================================================
Received Import Request.
  Time since last request: 56.769789 seconds.
  path: Assets/Sprites/Prefab/key1 Variant.prefab
  artifactKey: Guid(ed7dfef2305354240b54e18375f3d37b) Importer(815301076,1909f56bfc062723c751e8b465ee728b)
Start importing Assets/Sprites/Prefab/key1 Variant.prefab using Guid(ed7dfef2305354240b54e18375f3d37b) Importer(815301076,1909f56bfc062723c751e8b465ee728b)  -> (artifact id: 'd2ac4fb3ee19af51c952d9e985b2a777') in 0.062997 seconds 
  Import took 0.066561 seconds .

========================================================================
Received Import Request.
  Time since last request: 0.008198 seconds.
  path: Assets/Sprites/Prefab/key1 Variant.prefab
  artifactKey: Guid(ed7dfef2305354240b54e18375f3d37b) Importer(815301076,1909f56bfc062723c751e8b465ee728b)
Start importing Assets/Sprites/Prefab/key1 Variant.prefab using Guid(ed7dfef2305354240b54e18375f3d37b) Importer(815301076,1909f56bfc062723c751e8b465ee728b)  -> (artifact id: 'd2ac4fb3ee19af51c952d9e985b2a777') in 0.013859 seconds 
  Import took 0.017200 seconds .

========================================================================
Received Import Request.
  Time since last request: 17.549425 seconds.
  path: Assets/Sprites/Prefab/key1 Variant.prefab
  artifactKey: Guid(ed7dfef2305354240b54e18375f3d37b) Importer(815301076,1909f56bfc062723c751e8b465ee728b)
Start importing Assets/Sprites/Prefab/key1 Variant.prefab using Guid(ed7dfef2305354240b54e18375f3d37b) Importer(815301076,1909f56bfc062723c751e8b465ee728b)  -> (artifact id: '0b20df1c943a7fff1709f8fcb33de05f') in 0.004382 seconds 
  Import took 0.007983 seconds .

========================================================================
Received Prepare
Registering precompiled user dll's ...
Registered in 0.004973 seconds.
Begin MonoManager ReloadAssembly
Native extension for WindowsStandalone target not found
Refreshing native plugins compatible for Editor in 0.52 ms, found 3 plugins.
Preloading 0 native plugins for Editor in 0.00 ms.
Mono: successfully reloaded assembly
- Completed reload, in  1.144 seconds
Platform modules already initialized, skipping
Refreshing native plugins compatible for Editor in 0.55 ms, found 3 plugins.
Preloading 0 native plugins for Editor in 0.00 ms.
Unloading 2085 Unused Serialized files (Serialized files now loaded: 0)
System memory in use before: 96.4 MB.
System memory in use after: 96.4 MB.

Unloading 21 unused Assets to reduce memory usage. Loaded Objects now: 2582.
Total: 2.324900 ms (FindLiveObjects: 0.196200 ms CreateObjectMapping: 0.052800 ms MarkObjects: 1.963800 ms  DeleteObjects: 0.111200 ms)

AssetImportParameters requested are different than current active one (requested -> active):
  custom:framework-win-MediaFoundation: 216162199b28c13a410421893ffa2e32 -> 
  custom:video-decoder-ogg-theora: a1e56fd34408186e4bbccfd4996cb3dc -> 
  custom:container-muxer-webm: aa71ff27fc2769a1b78a27578f13a17b -> 
  custom:container-demuxer-webm: 4f35f7cbe854078d1ac9338744f61a02 -> 
  custom:container-demuxer-ogg: 62fdf1f143b41e24485cea50d1cbac27 -> 
  custom:video-encoder-webm-vp8: eb34c28f22e8b96e1ab97ce403110664 -> 
  custom:video-decoder-webm-vp8: 9c59270c3fd7afecdb556c50c9e8de78 -> 
  custom:audio-decoder-ogg-vorbis: bf7c407c2cedff20999df2af8eb42d56 -> 
  custom:audio-encoder-webm-vorbis: bf7c407c2cedff20999df2af8eb42d56 -> 
========================================================================
Received Import Request.
  Time since last request: 25.021336 seconds.
  path: Assets/Sprites/Prefab/key1 Variant.prefab
  artifactKey: Guid(ed7dfef2305354240b54e18375f3d37b) Importer(815301076,1909f56bfc062723c751e8b465ee728b)
Start importing Assets/Sprites/Prefab/key1 Variant.prefab using Guid(ed7dfef2305354240b54e18375f3d37b) Importer(815301076,1909f56bfc062723c751e8b465ee728b)  -> (artifact id: '4c26b992857c78eb2b4a71560b17318a') in 0.059740 seconds 
  Import took 0.063176 seconds .

========================================================================
Received Import Request.
  Time since last request: 0.000232 seconds.
  path: Assets/Sprites/Prefab/key1.prefab
  artifactKey: Guid(37a3025e46414ab4080e879ce21c384b) Importer(815301076,1909f56bfc062723c751e8b465ee728b)
Start importing Assets/Sprites/Prefab/key1.prefab using Guid(37a3025e46414ab4080e879ce21c384b) Importer(815301076,1909f56bfc062723c751e8b465ee728b)  -> (artifact id: '564b46d179daa38eb3dccdd924751f27') in 0.012555 seconds 
  Import took 0.015987 seconds .

========================================================================
Received Import Request.
  Time since last request: 0.017907 seconds.
  path: Assets/Sprites/Prefab/key1.prefab
  artifactKey: Guid(37a3025e46414ab4080e879ce21c384b) Importer(815301076,1909f56bfc062723c751e8b465ee728b)
Start importing Assets/Sprites/Prefab/key1.prefab using Guid(37a3025e46414ab4080e879ce21c384b) Importer(815301076,1909f56bfc062723c751e8b465ee728b)  -> (artifact id: '564b46d179daa38eb3dccdd924751f27') in 0.010934 seconds 
  Import took 0.014499 seconds .

========================================================================
Received Prepare
Registering precompiled user dll's ...
Registered in 0.005080 seconds.
Begin MonoManager ReloadAssembly
Native extension for WindowsStandalone target not found
Refreshing native plugins compatible for Editor in 0.70 ms, found 3 plugins.
Preloading 0 native plugins for Editor in 0.00 ms.
Mono: successfully reloaded assembly
- Completed reload, in  1.129 seconds
Platform modules already initialized, skipping
Refreshing native plugins compatible for Editor in 0.53 ms, found 3 plugins.
Preloading 0 native plugins for Editor in 0.00 ms.
Unloading 2085 Unused Serialized files (Serialized files now loaded: 0)
System memory in use before: 96.4 MB.
System memory in use after: 96.4 MB.

Unloading 21 unused Assets to reduce memory usage. Loaded Objects now: 2587.
Total: 2.481800 ms (FindLiveObjects: 0.200500 ms CreateObjectMapping: 0.053400 ms MarkObjects: 2.110600 ms  DeleteObjects: 0.116300 ms)

AssetImportParameters requested are different than current active one (requested -> active):
  custom:framework-win-MediaFoundation: 216162199b28c13a410421893ffa2e32 -> 
  custom:video-decoder-ogg-theora: a1e56fd34408186e4bbccfd4996cb3dc -> 
  custom:container-muxer-webm: aa71ff27fc2769a1b78a27578f13a17b -> 
  custom:container-demuxer-webm: 4f35f7cbe854078d1ac9338744f61a02 -> 
  custom:container-demuxer-ogg: 62fdf1f143b41e24485cea50d1cbac27 -> 
  custom:video-encoder-webm-vp8: eb34c28f22e8b96e1ab97ce403110664 -> 
  custom:video-decoder-webm-vp8: 9c59270c3fd7afecdb556c50c9e8de78 -> 
  custom:audio-decoder-ogg-vorbis: bf7c407c2cedff20999df2af8eb42d56 -> 
  custom:audio-encoder-webm-vorbis: bf7c407c2cedff20999df2af8eb42d56 -> 
========================================================================
Received Prepare
Registering precompiled user dll's ...
Registered in 0.005130 seconds.
Begin MonoManager ReloadAssembly
Native extension for WindowsStandalone target not found
Refreshing native plugins compatible for Editor in 0.55 ms, found 3 plugins.
Preloading 0 native plugins for Editor in 0.00 ms.
Mono: successfully reloaded assembly
- Completed reload, in  1.219 seconds
Platform modules already initialized, skipping
Refreshing native plugins compatible for Editor in 0.52 ms, found 3 plugins.
Preloading 0 native plugins for Editor in 0.00 ms.
Unloading 2085 Unused Serialized files (Serialized files now loaded: 0)
System memory in use before: 96.4 MB.
System memory in use after: 96.4 MB.

Unloading 21 unused Assets to reduce memory usage. Loaded Objects now: 2591.
Total: 2.337600 ms (FindLiveObjects: 0.199200 ms CreateObjectMapping: 0.052800 ms MarkObjects: 1.969500 ms  DeleteObjects: 0.114900 ms)

AssetImportParameters requested are different than current active one (requested -> active):
  custom:framework-win-MediaFoundation: 216162199b28c13a410421893ffa2e32 -> 
  custom:video-decoder-ogg-theora: a1e56fd34408186e4bbccfd4996cb3dc -> 
  custom:container-muxer-webm: aa71ff27fc2769a1b78a27578f13a17b -> 
  custom:container-demuxer-webm: 4f35f7cbe854078d1ac9338744f61a02 -> 
  custom:container-demuxer-ogg: 62fdf1f143b41e24485cea50d1cbac27 -> 
  custom:video-encoder-webm-vp8: eb34c28f22e8b96e1ab97ce403110664 -> 
  custom:video-decoder-webm-vp8: 9c59270c3fd7afecdb556c50c9e8de78 -> 
  custom:audio-decoder-ogg-vorbis: bf7c407c2cedff20999df2af8eb42d56 -> 
  custom:audio-encoder-webm-vorbis: bf7c407c2cedff20999df2af8eb42d56 -> 
========================================================================
Received Prepare
Registering precompiled user dll's ...
Registered in 0.005520 seconds.
Begin MonoManager ReloadAssembly
Native extension for WindowsStandalone target not found
Refreshing native plugins compatible for Editor in 0.53 ms, found 3 plugins.
Preloading 0 native plugins for Editor in 0.00 ms.
Mono: successfully reloaded assembly
- Completed reload, in  1.186 seconds
Platform modules already initialized, skipping
Refreshing native plugins compatible for Editor in 0.68 ms, found 3 plugins.
Preloading 0 native plugins for Editor in 0.00 ms.
Unloading 2085 Unused Serialized files (Serialized files now loaded: 0)
System memory in use before: 96.4 MB.
System memory in use after: 96.4 MB.

Unloading 21 unused Assets to reduce memory usage. Loaded Objects now: 2595.
Total: 2.544800 ms (FindLiveObjects: 0.216400 ms CreateObjectMapping: 0.052800 ms MarkObjects: 2.143000 ms  DeleteObjects: 0.130900 ms)

AssetImportParameters requested are different than current active one (requested -> active):
  custom:framework-win-MediaFoundation: 216162199b28c13a410421893ffa2e32 -> 
  custom:video-decoder-ogg-theora: a1e56fd34408186e4bbccfd4996cb3dc -> 
  custom:container-muxer-webm: aa71ff27fc2769a1b78a27578f13a17b -> 
  custom:container-demuxer-webm: 4f35f7cbe854078d1ac9338744f61a02 -> 
  custom:container-demuxer-ogg: 62fdf1f143b41e24485cea50d1cbac27 -> 
  custom:video-encoder-webm-vp8: eb34c28f22e8b96e1ab97ce403110664 -> 
  custom:video-decoder-webm-vp8: 9c59270c3fd7afecdb556c50c9e8de78 -> 
  custom:audio-decoder-ogg-vorbis: bf7c407c2cedff20999df2af8eb42d56 -> 
  custom:audio-encoder-webm-vorbis: bf7c407c2cedff20999df2af8eb42d56 -> 
========================================================================
Received Prepare
Registering precompiled user dll's ...
Registered in 0.005483 seconds.
Begin MonoManager ReloadAssembly
Native extension for WindowsStandalone target not found
Refreshing native plugins compatible for Editor in 0.53 ms, found 3 plugins.
Preloading 0 native plugins for Editor in 0.00 ms.
Mono: successfully reloaded assembly
- Completed reload, in  1.188 seconds
Platform modules already initialized, skipping
Refreshing native plugins compatible for Editor in 0.61 ms, found 3 plugins.
Preloading 0 native plugins for Editor in 0.00 ms.
Unloading 2085 Unused Serialized files (Serialized files now loaded: 0)
System memory in use before: 96.4 MB.
System memory in use after: 96.4 MB.

Unloading 21 unused Assets to reduce memory usage. Loaded Objects now: 2599.
Total: 2.425700 ms (FindLiveObjects: 0.218200 ms CreateObjectMapping: 0.055600 ms MarkObjects: 2.027000 ms  DeleteObjects: 0.123700 ms)

AssetImportParameters requested are different than current active one (requested -> active):
  custom:framework-win-MediaFoundation: 216162199b28c13a410421893ffa2e32 -> 
  custom:video-decoder-ogg-theora: a1e56fd34408186e4bbccfd4996cb3dc -> 
  custom:container-muxer-webm: aa71ff27fc2769a1b78a27578f13a17b -> 
  custom:container-demuxer-webm: 4f35f7cbe854078d1ac9338744f61a02 -> 
  custom:container-demuxer-ogg: 62fdf1f143b41e24485cea50d1cbac27 -> 
  custom:video-encoder-webm-vp8: eb34c28f22e8b96e1ab97ce403110664 -> 
  custom:video-decoder-webm-vp8: 9c59270c3fd7afecdb556c50c9e8de78 -> 
  custom:audio-decoder-ogg-vorbis: bf7c407c2cedff20999df2af8eb42d56 -> 
  custom:audio-encoder-webm-vorbis: bf7c407c2cedff20999df2af8eb42d56 -> 
========================================================================
Received Prepare
Registering precompiled user dll's ...
Registered in 0.008906 seconds.
Begin MonoManager ReloadAssembly
Native extension for WindowsStandalone target not found
Refreshing native plugins compatible for Editor in 0.53 ms, found 3 plugins.
Preloading 0 native plugins for Editor in 0.00 ms.
Mono: successfully reloaded assembly
- Completed reload, in  1.235 seconds
Platform modules already initialized, skipping
Refreshing native plugins compatible for Editor in 0.53 ms, found 3 plugins.
Preloading 0 native plugins for Editor in 0.00 ms.
Unloading 2085 Unused Serialized files (Serialized files now loaded: 0)
System memory in use before: 96.5 MB.
System memory in use after: 96.4 MB.

Unloading 21 unused Assets to reduce memory usage. Loaded Objects now: 2603.
Total: 2.512200 ms (FindLiveObjects: 0.230100 ms CreateObjectMapping: 0.054500 ms MarkObjects: 2.106700 ms  DeleteObjects: 0.119800 ms)

AssetImportParameters requested are different than current active one (requested -> active):
  custom:framework-win-MediaFoundation: 216162199b28c13a410421893ffa2e32 -> 
  custom:video-decoder-ogg-theora: a1e56fd34408186e4bbccfd4996cb3dc -> 
  custom:container-muxer-webm: aa71ff27fc2769a1b78a27578f13a17b -> 
  custom:container-demuxer-webm: 4f35f7cbe854078d1ac9338744f61a02 -> 
  custom:container-demuxer-ogg: 62fdf1f143b41e24485cea50d1cbac27 -> 
  custom:video-encoder-webm-vp8: eb34c28f22e8b96e1ab97ce403110664 -> 
  custom:video-decoder-webm-vp8: 9c59270c3fd7afecdb556c50c9e8de78 -> 
  custom:audio-decoder-ogg-vorbis: bf7c407c2cedff20999df2af8eb42d56 -> 
  custom:audio-encoder-webm-vorbis: bf7c407c2cedff20999df2af8eb42d56 -> 
========================================================================
Received Import Request.
  Time since last request: 627.461918 seconds.
  path: Assets/Sprites/Prefab/RedKey.prefab
  artifactKey: Guid(8d4545a8bad845546ac31f7208a7b504) Importer(815301076,1909f56bfc062723c751e8b465ee728b)
Start importing Assets/Sprites/Prefab/RedKey.prefab using Guid(8d4545a8bad845546ac31f7208a7b504) Importer(815301076,1909f56bfc062723c751e8b465ee728b)  -> (artifact id: '67bfd6708217419359ac3147aa2792fd') in 0.074190 seconds 
  Import took 0.077972 seconds .

========================================================================
Received Prepare
Registering precompiled user dll's ...
Registered in 0.005404 seconds.
Begin MonoManager ReloadAssembly
Native extension for WindowsStandalone target not found
Refreshing native plugins compatible for Editor in 0.52 ms, found 3 plugins.
Preloading 0 native plugins for Editor in 0.00 ms.
Mono: successfully reloaded assembly
- Completed reload, in  1.130 seconds
Platform modules already initialized, skipping
Refreshing native plugins compatible for Editor in 0.51 ms, found 3 plugins.
Preloading 0 native plugins for Editor in 0.00 ms.
Unloading 2085 Unused Serialized files (Serialized files now loaded: 0)
System memory in use before: 96.5 MB.
System memory in use after: 96.5 MB.

Unloading 21 unused Assets to reduce memory usage. Loaded Objects now: 2608.
Total: 2.382200 ms (FindLiveObjects: 0.217600 ms CreateObjectMapping: 0.054600 ms MarkObjects: 1.986900 ms  DeleteObjects: 0.121600 ms)

AssetImportParameters requested are different than current active one (requested -> active):
  custom:framework-win-MediaFoundation: 216162199b28c13a410421893ffa2e32 -> 
  custom:video-decoder-ogg-theora: a1e56fd34408186e4bbccfd4996cb3dc -> 
  custom:container-muxer-webm: aa71ff27fc2769a1b78a27578f13a17b -> 
  custom:container-demuxer-webm: 4f35f7cbe854078d1ac9338744f61a02 -> 
  custom:container-demuxer-ogg: 62fdf1f143b41e24485cea50d1cbac27 -> 
  custom:video-encoder-webm-vp8: eb34c28f22e8b96e1ab97ce403110664 -> 
  custom:video-decoder-webm-vp8: 9c59270c3fd7afecdb556c50c9e8de78 -> 
  custom:audio-decoder-ogg-vorbis: bf7c407c2cedff20999df2af8eb42d56 -> 
  custom:audio-encoder-webm-vorbis: bf7c407c2cedff20999df2af8eb42d56 -> 
AssetImportWorkerClient::OnTransportError - code=2 error=End of file
